[2026-02-10T18:07:28.894+0000] {taskinstance.py:1956} INFO - Dependencies all met for dep_context=non-requeueable deps ti=<TaskInstance: zauba_scraping_cleaning_pipeline.scrape_and_store_raw manual__2026-02-10T18:07:22.452954+00:00 [queued]>
[2026-02-10T18:07:28.908+0000] {taskinstance.py:1956} INFO - Dependencies all met for dep_context=requeueable deps ti=<TaskInstance: zauba_scraping_cleaning_pipeline.scrape_and_store_raw manual__2026-02-10T18:07:22.452954+00:00 [queued]>
[2026-02-10T18:07:28.909+0000] {taskinstance.py:2170} INFO - Starting attempt 1 of 2
[2026-02-10T18:07:28.950+0000] {taskinstance.py:2191} INFO - Executing <Task(PythonOperator): scrape_and_store_raw> on 2026-02-10 18:07:22.452954+00:00
[2026-02-10T18:07:28.975+0000] {standard_task_runner.py:60} INFO - Started process 235 to run task
[2026-02-10T18:07:29.025+0000] {standard_task_runner.py:87} INFO - Running: ['***', 'tasks', 'run', 'zauba_scraping_cleaning_pipeline', 'scrape_and_store_raw', 'manual__2026-02-10T18:07:22.452954+00:00', '--job-id', '18', '--raw', '--subdir', 'DAGS_FOLDER/zintlr_scraper.py', '--cfg-path', '/tmp/tmp1_n4mxmd']
[2026-02-10T18:07:29.041+0000] {standard_task_runner.py:88} INFO - Job 18: Subtask scrape_and_store_raw
[2026-02-10T18:07:29.272+0000] {task_command.py:423} INFO - Running <TaskInstance: zauba_scraping_cleaning_pipeline.scrape_and_store_raw manual__2026-02-10T18:07:22.452954+00:00 [running]> on host 9f581674607e
[2026-02-10T18:07:29.821+0000] {taskinstance.py:2480} INFO - Exporting env vars: AIRFLOW_CTX_DAG_OWNER='***' AIRFLOW_CTX_DAG_ID='zauba_scraping_cleaning_pipeline' AIRFLOW_CTX_TASK_ID='scrape_and_store_raw' AIRFLOW_CTX_EXECUTION_DATE='2026-02-10T18:07:22.452954+00:00' AIRFLOW_CTX_TRY_NUMBER='1' AIRFLOW_CTX_DAG_RUN_ID='manual__2026-02-10T18:07:22.452954+00:00'
[2026-02-10T18:07:29.923+0000] {logging_mixin.py:188} INFO - 🔹 Total links: 100
[2026-02-10T18:07:29.926+0000] {logging_mixin.py:188} INFO - 
[1/100] https://www.zaubacorp.com/ZINTLR-PRIVATE-LIMITED-U72900KA2022PTC165582
[2026-02-10T18:08:24.138+0000] {logging_mixin.py:188} INFO - ✅ Inserted CIN: U72900KA2022PTC165582
[2026-02-10T18:08:29.991+0000] {logging_mixin.py:188} INFO - 
[2/100] https://www.zaubacorp.com/GOOGLE-ENTERPRISES-PRIVATE-LIMITED-U74900UP2011PTC045365
[2026-02-10T18:08:53.624+0000] {logging_mixin.py:188} INFO - ✅ Inserted CIN: U74900UP2011PTC045365
[2026-02-10T18:09:00.529+0000] {logging_mixin.py:188} INFO - 
[3/100] https://www.zaubacorp.com/GOOGLE-INDIA-PRIVATE-LIMITED-U72900KA2003PTC033028
[2026-02-10T18:09:25.836+0000] {logging_mixin.py:188} INFO - ✅ Inserted CIN: U72900KA2003PTC033028
[2026-02-10T18:09:30.147+0000] {logging_mixin.py:188} INFO - 
[4/100] https://www.zaubacorp.com/GOOGLE-PAYMENT-INDIA-PRIVATE-LIMITED-U72200DL2007PTC360455
[2026-02-10T18:09:47.420+0000] {logging_mixin.py:188} INFO - ✅ Inserted CIN: U72200DL2007PTC360455
[2026-02-10T18:09:51.666+0000] {logging_mixin.py:188} INFO - 
[5/100] https://www.zaubacorp.com/MICROSOFT-TECHNOLOGICAL-RESEARCH-PVT-LTD-U72200WB1990PTC048500
[2026-02-10T18:10:18.981+0000] {logging_mixin.py:188} INFO - ✅ Inserted CIN: U72200WB1990PTC048500
[2026-02-10T18:10:24.302+0000] {logging_mixin.py:188} INFO - 
[6/100] https://www.zaubacorp.com/NAKSHATRIKA-MICROSOFT-LIMITED-U30002MP1993PLC007685
[2026-02-10T18:10:48.073+0000] {logging_mixin.py:188} INFO - ✅ Inserted CIN: U30002MP1993PLC007685
[2026-02-10T18:10:52.551+0000] {logging_mixin.py:188} INFO - 
[7/100] https://www.zaubacorp.com/TCS-INVESTMENTS-PRIVATE-LIMITED-U67120TZ1994PTC005541
[2026-02-10T18:11:17.285+0000] {logging_mixin.py:188} INFO - ✅ Inserted CIN: U67120TZ1994PTC005541
[2026-02-10T18:11:22.358+0000] {logging_mixin.py:188} INFO - 
[8/100] https://www.zaubacorp.com/TCS-BUILDTECH-PRIVATE-LIMITED-U70109DL2006PTC150945
[2026-02-10T18:11:43.254+0000] {logging_mixin.py:188} INFO - ✅ Inserted CIN: U70109DL2006PTC150945
[2026-02-10T18:11:47.859+0000] {logging_mixin.py:188} INFO - 
[9/100] https://www.zaubacorp.com/TCS-FOUNDATION-U74999MH2015NPL262710
[2026-02-10T18:12:14.463+0000] {logging_mixin.py:188} INFO - ✅ Inserted CIN: U74999MH2015NPL262710
[2026-02-10T18:12:18.506+0000] {logging_mixin.py:188} INFO - 
[10/100] https://www.zaubacorp.com/TCS-E-SERVE-LIMITED-U65990MH1984PLC033929
[2026-02-10T18:12:48.929+0000] {logging_mixin.py:188} INFO - ✅ Inserted CIN: U65990MH1984PLC033929
[2026-02-10T18:12:55.928+0000] {logging_mixin.py:188} INFO - 
[11/100] https://www.zaubacorp.com/TCS-MARKENTILE-PRIVATE-LIMITED-U74999WB2010PTC153847
[2026-02-10T18:13:16.675+0000] {logging_mixin.py:188} INFO - ✅ Inserted CIN: U74999WB2010PTC153847
[2026-02-10T18:13:22.817+0000] {logging_mixin.py:188} INFO - 
[12/100] https://www.zaubacorp.com/CRYSTAL-TCS-PVT-LTD-U74999MH2012PTC231686
[2026-02-10T18:13:41.667+0000] {logging_mixin.py:188} INFO - ✅ Inserted CIN: U74999MH2012PTC231686
[2026-02-10T18:13:46.981+0000] {logging_mixin.py:188} INFO - 
[13/100] https://www.zaubacorp.com/WIPRO-LTD-U99999MH1945PTC004713
[2026-02-10T18:14:16.563+0000] {logging_mixin.py:188} INFO - ✅ Inserted CIN: U99999MH1945PTC004713
[2026-02-10T18:14:22.245+0000] {logging_mixin.py:188} INFO - 
[14/100] https://www.zaubacorp.com/WIPRO-LIMITED-L32102KA1945PLC020800
[2026-02-10T18:14:51.494+0000] {logging_mixin.py:188} INFO - ✅ Inserted CIN: L32102KA1945PLC020800
[2026-02-10T18:14:58.114+0000] {logging_mixin.py:188} INFO - 
[15/100] https://www.zaubacorp.com/WIPRO-FINANCE-LIMITED-U99999MH1992PTC064693
[2026-02-10T18:15:17.179+0000] {logging_mixin.py:188} INFO - ✅ Inserted CIN: U99999MH1992PTC064693
[2026-02-10T18:15:24.135+0000] {logging_mixin.py:188} INFO - 
[16/100] https://www.zaubacorp.com/WIPRO-INSTRUMENTATION-LIMITED-U99999MH1986PLC041898
[2026-02-10T18:15:43.798+0000] {logging_mixin.py:188} INFO - ✅ Inserted CIN: U99999MH1986PLC041898
[2026-02-10T18:15:50.526+0000] {logging_mixin.py:188} INFO - 
[17/100] https://www.zaubacorp.com/WIPRO-SYSTEMS-LIMITED-U72300MH1983PLC030396
[2026-02-10T18:16:15.480+0000] {logging_mixin.py:188} INFO - ✅ Inserted CIN: U72300MH1983PLC030396
[2026-02-10T18:16:19.582+0000] {logging_mixin.py:188} INFO - 
[18/100] https://www.zaubacorp.com/WIPRO-INVESTMENT-LIMITED-U99999MH1982PLC028594
[2026-02-10T18:16:37.956+0000] {logging_mixin.py:188} INFO - ✅ Inserted CIN: U99999MH1982PLC028594
[2026-02-10T18:16:44.659+0000] {logging_mixin.py:188} INFO - 
[19/100] https://www.zaubacorp.com/WIPRO-COMPUTERS-LIMITED-U00367KA1995PLC017770
[2026-02-10T18:17:07.880+0000] {logging_mixin.py:188} INFO - ✅ Inserted CIN: U00367KA1995PLC017770
[2026-02-10T18:17:14.558+0000] {logging_mixin.py:188} INFO - 
[20/100] https://www.zaubacorp.com/WIPRO-CIMTECH-LIMITED-U30000MH1986PLC041893
[2026-02-10T18:17:33.430+0000] {logging_mixin.py:188} INFO - ✅ Inserted CIN: U30000MH1986PLC041893
[2026-02-10T18:17:38.202+0000] {logging_mixin.py:188} INFO - 
[21/100] https://www.zaubacorp.com/WIPRO-INFOTECH-LIMITED-U30007MH1982PLC028797
[2026-02-10T18:18:02.180+0000] {logging_mixin.py:188} INFO - ✅ Inserted CIN: U30007MH1982PLC028797
[2026-02-10T18:18:06.975+0000] {logging_mixin.py:188} INFO - 
[22/100] https://www.zaubacorp.com/COGNIZANT-FOUNDATION-U91990TN2005NPL055639
[2026-02-10T18:18:53.673+0000] {logging_mixin.py:188} INFO - ✅ Inserted CIN: U91990TN2005NPL055639
[2026-02-10T18:19:00.621+0000] {logging_mixin.py:188} INFO - 
[23/100] https://www.zaubacorp.com/COGNIZANT-FACILITIES-LLP-AAP-9832
[2026-02-10T18:19:19.321+0000] {logging_mixin.py:188} INFO - ⚠️ CIN missing — skipping
[2026-02-10T18:19:23.910+0000] {logging_mixin.py:188} INFO - 
[24/100] https://www.zaubacorp.com/COGNIZANT-INDIA-PRIVATE-LIMITED-U72200TN2004PTC078911
[2026-02-10T18:19:57.134+0000] {logging_mixin.py:188} INFO - ✅ Inserted CIN: U72200TN2004PTC078911
[2026-02-10T18:20:03.042+0000] {logging_mixin.py:188} INFO - 
[25/100] https://www.zaubacorp.com/COGNIZANT-MORTGAGE-SERVICES-CORPORATION-F06661
[2026-02-10T18:20:21.913+0000] {logging_mixin.py:188} INFO - ⚠️ CIN missing — skipping
[2026-02-10T18:20:27.977+0000] {logging_mixin.py:188} INFO - 
[26/100] https://www.zaubacorp.com/COGNIZANT-MORTGAGE-SERVICES-CORPORATION-F06647
[2026-02-10T18:20:48.836+0000] {logging_mixin.py:188} INFO - ⚠️ CIN missing — skipping
[2026-02-10T18:20:53.904+0000] {logging_mixin.py:188} INFO - 
[27/100] https://www.zaubacorp.com/IBM-INDIA-LIMITED-U30007KA1991PLC012619
[2026-02-10T18:21:15.934+0000] {logging_mixin.py:188} INFO - ✅ Inserted CIN: U30007KA1991PLC012619
[2026-02-10T18:21:22.775+0000] {logging_mixin.py:188} INFO - 
[28/100] https://www.zaubacorp.com/IBM-REALTY-PRIVATE-LIMITED-U70102WB2011PTC159133
[2026-02-10T18:21:48.138+0000] {logging_mixin.py:188} INFO - ✅ Inserted CIN: U70102WB2011PTC159133
[2026-02-10T18:21:54.300+0000] {logging_mixin.py:188} INFO - 
[29/100] https://www.zaubacorp.com/IBM-INFRASTRUCTURE-PRIVATE-LIMITED-U45400WB2010PTC145135
[2026-02-10T18:22:17.672+0000] {logging_mixin.py:188} INFO - ✅ Inserted CIN: U45400WB2010PTC145135
[2026-02-10T18:22:23.097+0000] {logging_mixin.py:188} INFO - 
[30/100] https://www.zaubacorp.com/IBM-WORLD-TRADE-CORPN-F00293
[2026-02-10T18:22:40.830+0000] {logging_mixin.py:188} INFO - ⚠️ CIN missing — skipping
[2026-02-10T18:22:45.312+0000] {logging_mixin.py:188} INFO - 
[31/100] https://www.zaubacorp.com/IBM-CYLINDERS-PRIVATE-LIMITED-U23203OR2000PTC006272
[2026-02-10T18:23:03.717+0000] {logging_mixin.py:188} INFO - ✅ Inserted CIN: U23203OR2000PTC006272
[2026-02-10T18:23:10.619+0000] {logging_mixin.py:188} INFO - 
[32/100] https://www.zaubacorp.com/IBM-FINANCE-AND-INVESTMENT-PRIVATE-LIMITED-U65921WB1996PTC134901
[2026-02-10T18:23:33.945+0000] {logging_mixin.py:188} INFO - ✅ Inserted CIN: U65921WB1996PTC134901
[2026-02-10T18:23:39.241+0000] {logging_mixin.py:188} INFO - 
[33/100] https://www.zaubacorp.com/MEERA-CONSTRUCTION-MATERIALS-PRIVATE-LIMITED-U45201TG1989PTC010305
[2026-02-10T18:24:01.259+0000] {logging_mixin.py:188} INFO - ✅ Inserted CIN: U45201TG1989PTC010305
[2026-02-10T18:24:06.396+0000] {logging_mixin.py:188} INFO - 
[34/100] https://www.zaubacorp.com/CYBERSOFT-SYSTEMS-INDIA-PRIVATE-LIMITED-U72200TG2005PTC048290
[2026-02-10T18:24:25.770+0000] {logging_mixin.py:188} INFO - ✅ Inserted CIN: U72200TG2005PTC048290
[2026-02-10T18:24:30.536+0000] {logging_mixin.py:188} INFO - 
[35/100] https://www.zaubacorp.com/RASARANJANI-HORTICULTURE-FARMS-PRIVATE-LIMITED-U01122TG1990PTC010977
[2026-02-10T18:24:48.887+0000] {logging_mixin.py:188} INFO - ✅ Inserted CIN: U01122TG1990PTC010977
[2026-02-10T18:24:53.966+0000] {logging_mixin.py:188} INFO - 
[36/100] https://www.zaubacorp.com/ROSNA-CONSTRUCTIONS-PRIVATE-LIMITED-U45200TG2003PTC041330
[2026-02-10T18:25:15.595+0000] {logging_mixin.py:188} INFO - ✅ Inserted CIN: U45200TG2003PTC041330
[2026-02-10T18:25:20.433+0000] {logging_mixin.py:188} INFO - 
[37/100] https://www.zaubacorp.com/QSM-INDIA-PRIVATE-LIMITED-U72200TG2000PTC033690
[2026-02-10T18:25:41.613+0000] {logging_mixin.py:188} INFO - ✅ Inserted CIN: U72200TG2000PTC033690
[2026-02-10T18:25:47.742+0000] {logging_mixin.py:188} INFO - 
[38/100] https://www.zaubacorp.com/GOLDCREST-HOTELS-PRIVATE-LIMITED-U99999TG1994PTC017179
[2026-02-10T18:26:15.814+0000] {logging_mixin.py:188} INFO - ✅ Inserted CIN: U99999TG1994PTC017179
[2026-02-10T18:26:22.314+0000] {logging_mixin.py:188} INFO - 
[39/100] https://www.zaubacorp.com/VSKM-CONSULTING-ENGINEERS-PRIVATE-LIMITED-U74210TG2003PTC041853
[2026-02-10T18:26:43.452+0000] {logging_mixin.py:188} INFO - ✅ Inserted CIN: U74210TG2003PTC041853
[2026-02-10T18:26:48.008+0000] {logging_mixin.py:188} INFO - 
[40/100] https://www.zaubacorp.com/INDIAN-SCHOOL-OF-BUSINESS-U80100TG1997NPL036631
[2026-02-10T18:27:27.241+0000] {logging_mixin.py:188} INFO - ✅ Inserted CIN: U80100TG1997NPL036631
[2026-02-10T18:27:31.419+0000] {logging_mixin.py:188} INFO - 
[41/100] https://www.zaubacorp.com/BALAPRABHA-ENTERPRISES-PRIVATE-LIMITED-U55101TG1991PTC012808
[2026-02-10T18:27:53.749+0000] {logging_mixin.py:188} INFO - ✅ Inserted CIN: U55101TG1991PTC012808
[2026-02-10T18:27:59.588+0000] {logging_mixin.py:188} INFO - 
[42/100] https://www.zaubacorp.com/FINANCIERS-BUSINESS-SERVICES-PRIVATE-LIMITED-U74140TG1988PTC008141
[2026-02-10T18:28:17.175+0000] {logging_mixin.py:188} INFO - ✅ Inserted CIN: U74140TG1988PTC008141
[2026-02-10T18:28:22.562+0000] {logging_mixin.py:188} INFO - 
[43/100] https://www.zaubacorp.com/NEXT-WAVE-SOFTWARE-SOLUTIONS-PRIVATE-LIMITED-U72200TG2000PTC035925
[2026-02-10T18:28:39.182+0000] {logging_mixin.py:188} INFO - ✅ Inserted CIN: U72200TG2000PTC035925
[2026-02-10T18:28:44.419+0000] {logging_mixin.py:188} INFO - 
[44/100] https://www.zaubacorp.com/L-K-HOSPITALS-PRIVATE-LIMITED-U85110TG1996PTC025211
[2026-02-10T18:29:05.389+0000] {logging_mixin.py:188} INFO - ✅ Inserted CIN: U85110TG1996PTC025211
[2026-02-10T18:29:11.455+0000] {logging_mixin.py:188} INFO - 
[45/100] https://www.zaubacorp.com/S-S-PISSAY-WEALTH-MANAGEMENT-PRIVATE-LIMITED-U74140TG2006PTC049353
[2026-02-10T18:29:30.799+0000] {logging_mixin.py:188} INFO - ✅ Inserted CIN: U74140TG2006PTC049353
[2026-02-10T18:29:37.317+0000] {logging_mixin.py:188} INFO - 
[46/100] https://www.zaubacorp.com/SILVERLIGHT-TECHNOLOGIES-PRIVATE-LIMITED-U72200TG2002PTC040085
[2026-02-10T18:29:56.589+0000] {logging_mixin.py:188} INFO - ✅ Inserted CIN: U72200TG2002PTC040085
[2026-02-10T18:30:01.535+0000] {logging_mixin.py:188} INFO - 
[47/100] https://www.zaubacorp.com/AIMS-CREATIONS-PRIVATE-LIMITED-U92111TG2000PTC033656
[2026-02-10T18:30:24.690+0000] {logging_mixin.py:188} INFO - ✅ Inserted CIN: U92111TG2000PTC033656
[2026-02-10T18:30:30.911+0000] {logging_mixin.py:188} INFO - 
[48/100] https://www.zaubacorp.com/SUNSHELLS-INFOTECH-INDIA-PRIVATE-LIMITED-U72200TG2006PTC049378
[2026-02-10T18:30:51.491+0000] {logging_mixin.py:188} INFO - ✅ Inserted CIN: U72200TG2006PTC049378
[2026-02-10T18:30:58.033+0000] {logging_mixin.py:188} INFO - 
[49/100] https://www.zaubacorp.com/ASM-EDUCATIONAL-CONSULTANCY-GROUP-PRIVATE-LIMITED-U80220TG2000PTC033646
[2026-02-10T18:31:23.260+0000] {logging_mixin.py:188} INFO - ✅ Inserted CIN: U80220TG2000PTC033646
[2026-02-10T18:31:28.384+0000] {logging_mixin.py:188} INFO - 
[50/100] https://www.zaubacorp.com/SHAFALI-HOME-FURNISHINGS-PRIVATE-LIMITED-U51393TG1986PTC007047
[2026-02-10T18:31:57.679+0000] {logging_mixin.py:188} INFO - ✅ Inserted CIN: U51393TG1986PTC007047
[2026-02-10T18:32:03.044+0000] {logging_mixin.py:188} INFO - 
[51/100] https://www.zaubacorp.com/SAAKHIL-TECHNOLOGIES-PRIVATE-LIMITED-U72100TG2005PTC047157
[2026-02-10T18:32:22.693+0000] {logging_mixin.py:188} INFO - ✅ Inserted CIN: U72100TG2005PTC047157
[2026-02-10T18:32:27.078+0000] {logging_mixin.py:188} INFO - 
[52/100] https://www.zaubacorp.com/VASAVI-TRADERS-PRIVATE-LIMITED-U52208TG1990PTC011798
[2026-02-10T18:32:44.702+0000] {logging_mixin.py:188} INFO - ✅ Inserted CIN: U52208TG1990PTC011798
[2026-02-10T18:32:51.410+0000] {logging_mixin.py:188} INFO - 
[53/100] https://www.zaubacorp.com/SRI-KALYAN-HOTELS-AND-EMGINEERING-PVT-LTD-U55101TG1988PTC008722
[2026-02-10T18:33:18.913+0000] {logging_mixin.py:188} INFO - ✅ Inserted CIN: U55101TG1988PTC008722
[2026-02-10T18:33:23.842+0000] {logging_mixin.py:188} INFO - 
[54/100] https://www.zaubacorp.com/SRUJANA-FINANCE-PRIVATELIMITED-U65993TG1991PTC013501
[2026-02-10T18:33:50.241+0000] {logging_mixin.py:188} INFO - ✅ Inserted CIN: U65993TG1991PTC013501
[2026-02-10T18:33:55.391+0000] {logging_mixin.py:188} INFO - 
[55/100] https://www.zaubacorp.com/DALCHAND-TULSIDAS-KHATAN-LIMITED-U51101KA1940PLC000273
[2026-02-10T18:34:17.709+0000] {logging_mixin.py:188} INFO - ✅ Inserted CIN: U51101KA1940PLC000273
[2026-02-10T18:34:22.490+0000] {logging_mixin.py:188} INFO - 
[56/100] https://www.zaubacorp.com/BASAVA-RAJENDRA-CHITS-PRIVATE-LIMITED-U65992KA1990PTC011193
[2026-02-10T18:34:41.357+0000] {logging_mixin.py:188} INFO - ✅ Inserted CIN: U65992KA1990PTC011193
[2026-02-10T18:34:47.307+0000] {logging_mixin.py:188} INFO - 
[57/100] https://www.zaubacorp.com/ASSOCIATED-MYSORE-INDUSTRIES-LIMITED-U99999KA1945PLC000368
[2026-02-10T18:35:08.926+0000] {logging_mixin.py:188} INFO - ✅ Inserted CIN: U99999KA1945PLC000368
[2026-02-10T18:35:13.966+0000] {logging_mixin.py:188} INFO - 
[58/100] https://www.zaubacorp.com/CHELLRADH-AND-COMPANY-LIMITED-U51101KA1947PLC000451
[2026-02-10T18:35:31.984+0000] {logging_mixin.py:188} INFO - ✅ Inserted CIN: U51101KA1947PLC000451
[2026-02-10T18:35:38.611+0000] {logging_mixin.py:188} INFO - 
[59/100] https://www.zaubacorp.com/P-S-NARAYANANDCOMPANY-PRIVATE-LIMITED-U51101KA1946PTC000420
[2026-02-10T18:35:57.625+0000] {logging_mixin.py:188} INFO - ✅ Inserted CIN: U51101KA1946PTC000420
[2026-02-10T18:36:02.340+0000] {logging_mixin.py:188} INFO - 
[60/100] https://www.zaubacorp.com/SUBODHA-AND-CO-LIMITED-U51493KA1937PLC000207
[2026-02-10T18:36:21.466+0000] {logging_mixin.py:188} INFO - ✅ Inserted CIN: U51493KA1937PLC000207
[2026-02-10T18:36:27.983+0000] {logging_mixin.py:188} INFO - 
[61/100] https://www.zaubacorp.com/BANGALORE-BANK-LIMITED-U99999KA1900PLC000590
[2026-02-10T18:36:46.562+0000] {logging_mixin.py:188} INFO - ✅ Inserted CIN: U99999KA1900PLC000590
[2026-02-10T18:36:50.866+0000] {logging_mixin.py:188} INFO - 
[62/100] https://www.zaubacorp.com/SHREE-SHANTHI-FINANCIAL-SERVICES-PRIVATE-LIMITED-U65993KA1993PTC014361
[2026-02-10T18:37:08.799+0000] {logging_mixin.py:188} INFO - ✅ Inserted CIN: U65993KA1993PTC014361
[2026-02-10T18:37:15.543+0000] {logging_mixin.py:188} INFO - 
[63/100] https://www.zaubacorp.com/SWASTIK-TRANSPORT-COMPANY-PRIVATE-LIMITE-D-U00012KA1948PTC000524
[2026-02-10T18:37:40.058+0000] {logging_mixin.py:188} INFO - ✅ Inserted CIN: U00012KA1948PTC000524
[2026-02-10T18:37:46.109+0000] {logging_mixin.py:188} INFO - 
[64/100] https://www.zaubacorp.com/BUPSAGAR-ESTATES-LIMITED-U00012KA1948PLC000522
[2026-02-10T18:38:12.810+0000] {logging_mixin.py:188} INFO - ✅ Inserted CIN: U00012KA1948PLC000522
[2026-02-10T18:38:19.188+0000] {logging_mixin.py:188} INFO - 
[65/100] https://www.zaubacorp.com/COASTAL-CITRIC-KARNATAKA-LIMITED-U00082KA1993PLC014468
[2026-02-10T18:38:40.493+0000] {logging_mixin.py:188} INFO - ✅ Inserted CIN: U00082KA1993PLC014468
[2026-02-10T18:38:45.900+0000] {logging_mixin.py:188} INFO - 
[66/100] https://www.zaubacorp.com/THE-SOAPS-AND-CHEMICALS-MYSORE-LIMITED-U00305KA1946PLC000443
[2026-02-10T18:39:14.424+0000] {logging_mixin.py:188} INFO - ✅ Inserted CIN: U00305KA1946PLC000443
[2026-02-10T18:39:20.919+0000] {logging_mixin.py:188} INFO - 
[67/100] https://www.zaubacorp.com/CLOULEND-BUILDERS-PRIVATE-LIMITED-U00500KA1985PTC006694
[2026-02-10T18:39:53.699+0000] {logging_mixin.py:188} INFO - ✅ Inserted CIN: U00500KA1985PTC006694
[2026-02-10T18:39:58.408+0000] {logging_mixin.py:188} INFO - 
[68/100] https://www.zaubacorp.com/LEATHER-LAKSANDRA-BRICK-AND-TILE-COMPANY-LIMITED-U19201KA1907PLC000051
[2026-02-10T18:40:36.213+0000] {logging_mixin.py:188} INFO - ✅ Inserted CIN: U19201KA1907PLC000051
[2026-02-10T18:40:41.580+0000] {logging_mixin.py:188} INFO - 
[69/100] https://www.zaubacorp.com/BANK-OF-MYSORE-LIMITED-U99999KA1913PLC000001
[2026-02-10T18:41:05.181+0000] {logging_mixin.py:188} INFO - ✅ Inserted CIN: U99999KA1913PLC000001
[2026-02-10T18:41:10.451+0000] {logging_mixin.py:188} INFO - 
[70/100] https://www.zaubacorp.com/TRIANGLE-PROPERTY-DEVELOPERS-PRIVATE-LIMITED-U70101KA1995PTC018147
[2026-02-10T18:41:58.971+0000] {logging_mixin.py:188} INFO - ✅ Inserted CIN: U70101KA1995PTC018147
[2026-02-10T18:42:05.369+0000] {logging_mixin.py:188} INFO - 
[71/100] https://www.zaubacorp.com/MYSORE-AGENCIES-PRIVATE-LIMITED-U51101KA1947PTC000467
[2026-02-10T18:42:29.848+0000] {logging_mixin.py:188} INFO - ✅ Inserted CIN: U51101KA1947PTC000467
[2026-02-10T18:42:36.393+0000] {logging_mixin.py:188} INFO - 
[72/100] https://www.zaubacorp.com/THE-AZAD-PRESS-PRIVATE-LIMITED-U00289KA1946PTC000407
[2026-02-10T18:42:58.374+0000] {logging_mixin.py:188} INFO - ✅ Inserted CIN: U00289KA1946PTC000407
[2026-02-10T18:43:04.024+0000] {logging_mixin.py:188} INFO - 
[73/100] https://www.zaubacorp.com/VIJAYA-INDUSTRIAL-AGENCY-LIMITED-U51101KA1941PLC000274
[2026-02-10T18:43:23.413+0000] {logging_mixin.py:188} INFO - ✅ Inserted CIN: U51101KA1941PLC000274
[2026-02-10T18:43:29.567+0000] {logging_mixin.py:188} INFO - 
[74/100] https://www.zaubacorp.com/INDEPENDENT-CINEMATICS-STUDIOS-PRIVATE-LIMITED-U92140KA2012PTC062338
[2026-02-10T18:43:48.982+0000] {logging_mixin.py:188} INFO - ✅ Inserted CIN: U92140KA2012PTC062338
[2026-02-10T18:43:55.656+0000] {logging_mixin.py:188} INFO - 
[75/100] https://www.zaubacorp.com/NIRWANA-HEALTHY-SIPS-AND-BITES-INDIA-PRIVATE-LIMITED-U55209KA2019PTC121385
[2026-02-10T18:44:13.681+0000] {logging_mixin.py:188} INFO - ✅ Inserted CIN: U55209KA2019PTC121385
[2026-02-10T18:44:19.122+0000] {logging_mixin.py:188} INFO - 
[76/100] https://www.zaubacorp.com/GOLKANDA-TABACCO-COMPANY-LIMITEDD-U99999KA1936PLC000601
[2026-02-10T18:44:36.271+0000] {logging_mixin.py:188} INFO - ✅ Inserted CIN: U99999KA1936PLC000601
[2026-02-10T18:44:41.491+0000] {logging_mixin.py:188} INFO - 
[77/100] https://www.zaubacorp.com/NATUBHAI-G-PATEL-AND-COMPANY-PRIVATE-LIMITED-U65191KA1968PTC001712
[2026-02-10T18:45:01.755+0000] {logging_mixin.py:188} INFO - ✅ Inserted CIN: U65191KA1968PTC001712
[2026-02-10T18:45:07.222+0000] {logging_mixin.py:188} INFO - 
[78/100] https://www.zaubacorp.com/KASIPU-PRIVATE-LIMITED-U55200KA2021PTC156103
[2026-02-10T18:45:33.565+0000] {logging_mixin.py:188} INFO - ✅ Inserted CIN: U55200KA2021PTC156103
[2026-02-10T18:45:39.222+0000] {logging_mixin.py:188} INFO - 
[79/100] https://www.zaubacorp.com/SHAKE-ONLINE-SERVICES-PRIVATE-LIMITED-U74900KA2016PTC085784
[2026-02-10T18:46:04.169+0000] {logging_mixin.py:188} INFO - ✅ Inserted CIN: U74900KA2016PTC085784
[2026-02-10T18:46:08.315+0000] {logging_mixin.py:188} INFO - 
[80/100] https://www.zaubacorp.com/EARTH-AND-ORBIT-FINTECH-PRIVATE-LIMITED-U67100KA2021PTC154423
[2026-02-10T18:46:33.643+0000] {logging_mixin.py:188} INFO - ✅ Inserted CIN: U67100KA2021PTC154423
[2026-02-10T18:46:39.332+0000] {logging_mixin.py:188} INFO - 
[81/100] https://www.zaubacorp.com/VIGNESHWAR-COMPUTER-FORMS-PRIVATE-LIMITE-D-U36991TN1989PTC018310
[2026-02-10T18:47:03.268+0000] {logging_mixin.py:188} INFO - ✅ Inserted CIN: U36991TN1989PTC018310
[2026-02-10T18:47:09.856+0000] {logging_mixin.py:188} INFO - 
[82/100] https://www.zaubacorp.com/COVENTINA-INFRASTRUCTURE-DEVELOPEMENT-AND-PROJECTS-PRIVATE-LIMITED-U45203TN2006PTC059094
[2026-02-10T18:48:08.349+0000] {logging_mixin.py:188} INFO - ✅ Inserted CIN: U45203TN2006PTC059094
[2026-02-10T18:48:13.146+0000] {logging_mixin.py:188} INFO - 
[83/100] https://www.zaubacorp.com/COROMANDEL-CARGO-MOVERS-PRIVATE-LIMITED-U63090TN2001PTC046760
[2026-02-10T18:48:40.651+0000] {logging_mixin.py:188} INFO - ✅ Inserted CIN: U63090TN2001PTC046760
[2026-02-10T18:48:47.463+0000] {logging_mixin.py:188} INFO - 
[84/100] https://www.zaubacorp.com/FMC-SEC-SERVICES-LIMITED-U51503TN2001PLC047840
[2026-02-10T18:49:12.282+0000] {logging_mixin.py:188} INFO - ✅ Inserted CIN: U51503TN2001PLC047840
[2026-02-10T18:49:16.706+0000] {logging_mixin.py:188} INFO - 
[85/100] https://www.zaubacorp.com/A-I-CARGO-PRIVATE-LIMITED-U63031TN2000PTC044784
[2026-02-10T18:49:35.505+0000] {logging_mixin.py:188} INFO - ✅ Inserted CIN: U63031TN2000PTC044784
[2026-02-10T18:49:41.222+0000] {logging_mixin.py:188} INFO - 
[86/100] https://www.zaubacorp.com/PANCHRATNA-SHARES-PRIVATE-LIMITED-U67120TN2000PTC044891
[2026-02-10T18:50:05.371+0000] {logging_mixin.py:188} INFO - ✅ Inserted CIN: U67120TN2000PTC044891
[2026-02-10T18:50:10.215+0000] {logging_mixin.py:188} INFO - 
[87/100] https://www.zaubacorp.com/CHESCOR-FINANCE-AND-INVESMENTS-PRIVATE-L-IMITED-U65933TN1996PTC034911
[2026-02-10T18:50:29.615+0000] {logging_mixin.py:188} INFO - ✅ Inserted CIN: U65933TN1996PTC034911
[2026-02-10T18:50:36.373+0000] {logging_mixin.py:188} INFO - 
[88/100] https://www.zaubacorp.com/INDUSTRIAL-STORE-PRIVATE-LIMITED-U72900TN2016PTC110888
[2026-02-10T18:50:55.926+0000] {logging_mixin.py:188} INFO - ✅ Inserted CIN: U72900TN2016PTC110888
[2026-02-10T18:51:00.907+0000] {logging_mixin.py:188} INFO - 
[89/100] https://www.zaubacorp.com/INDIA-PISTONS-REPCO-LTD-U34300TN1962PLC004881
[2026-02-10T18:51:15.467+0000] {logging_mixin.py:188} INFO - ✅ Inserted CIN: U34300TN1962PLC004881
[2026-02-10T18:51:20.031+0000] {logging_mixin.py:188} INFO - 
[90/100] https://www.zaubacorp.com/MADRAS-FLYING-CLUB-LIMITED-U93090TN1930GAP001578
[2026-02-10T18:51:36.968+0000] {logging_mixin.py:188} INFO - ✅ Inserted CIN: U93090TN1930GAP001578
[2026-02-10T18:51:41.416+0000] {logging_mixin.py:188} INFO - 
[91/100] https://www.zaubacorp.com/NH-INTERNATIONAL-SERVICES-PRIVATE-LIMITED-U72200TN2002PTC049428
[2026-02-10T18:51:57.948+0000] {logging_mixin.py:188} INFO - ✅ Inserted CIN: U72200TN2002PTC049428
[2026-02-10T18:52:03.794+0000] {logging_mixin.py:188} INFO - 
[92/100] https://www.zaubacorp.com/XPS-VISION-PRIVATE-LIMITED-U51507TN2006PTC058706
[2026-02-10T18:52:19.314+0000] {logging_mixin.py:188} INFO - ✅ Inserted CIN: U51507TN2006PTC058706
[2026-02-10T18:52:24.635+0000] {logging_mixin.py:188} INFO - 
[93/100] https://www.zaubacorp.com/A-B-MEDICAL-CENTRES-LIMITED-U85320TN1974PLC006623
[2026-02-10T18:52:46.607+0000] {logging_mixin.py:188} INFO - ✅ Inserted CIN: U85320TN1974PLC006623
[2026-02-10T18:52:52.717+0000] {logging_mixin.py:188} INFO - 
[94/100] https://www.zaubacorp.com/JT-CONSTRUCTIONS-PRIVATE-LIMITED-U45309TN2017PTC116813
[2026-02-10T18:53:10.221+0000] {logging_mixin.py:188} INFO - ✅ Inserted CIN: U45309TN2017PTC116813
[2026-02-10T18:53:14.493+0000] {logging_mixin.py:188} INFO - 
[95/100] https://www.zaubacorp.com/MADHURA-KUMAR-INVESTMENTS-PRIVATE-LIMITE-D-U65991TN1990PTC018561
[2026-02-10T18:53:33.369+0000] {logging_mixin.py:188} INFO - ✅ Inserted CIN: U65991TN1990PTC018561
[2026-02-10T18:53:38.630+0000] {logging_mixin.py:188} INFO - 
[96/100] https://www.zaubacorp.com/MEENAKSHI-HOSPITALITY-AND-ARCHITECTURAL-SERVICES-PRIVATE-LIMITED-U85110TN2006PTC058770
[2026-02-10T18:53:57.526+0000] {logging_mixin.py:188} INFO - ✅ Inserted CIN: U85110TN2006PTC058770
[2026-02-10T18:54:02.656+0000] {logging_mixin.py:188} INFO - 
[97/100] https://www.zaubacorp.com/DANA-TRAWLERS-PRIVATE-LIMITED-U99999TN2000PTC000571
[2026-02-10T18:54:20.525+0000] {logging_mixin.py:188} INFO - ✅ Inserted CIN: U99999TN2000PTC000571
[2026-02-10T18:54:26.874+0000] {logging_mixin.py:188} INFO - 
[98/100] https://www.zaubacorp.com/SELVAVINAYAGAR-MOTION-PICTURES-PRIVATE-LIMITED-U92490TN1987PTC015078
[2026-02-10T18:54:43.122+0000] {logging_mixin.py:188} INFO - ✅ Inserted CIN: U92490TN1987PTC015078
[2026-02-10T18:54:49.523+0000] {logging_mixin.py:188} INFO - 
[99/100] https://www.zaubacorp.com/HARITA-ELASTOMERS-PRIVATE-LIMITED-U51909TN1979PTC007801
[2026-02-10T18:55:05.730+0000] {logging_mixin.py:188} INFO - ✅ Inserted CIN: U51909TN1979PTC007801
[2026-02-10T18:55:11.487+0000] {logging_mixin.py:188} INFO - 
[100/100] https://www.zaubacorp.com/AADIK-TRADELINK-PRIVATE-LIMITED-U51909TN2018PTC124514
[2026-02-10T18:55:26.799+0000] {logging_mixin.py:188} INFO - ✅ Inserted CIN: U51909TN2018PTC124514
[2026-02-10T18:55:31.487+0000] {logging_mixin.py:188} INFO - 
=========== SUMMARY ===========
[2026-02-10T18:55:31.508+0000] {logging_mixin.py:188} INFO - ✅ Success: 96
[2026-02-10T18:55:31.525+0000] {logging_mixin.py:188} INFO - ❌ Failed: 4
[2026-02-10T18:55:31.529+0000] {logging_mixin.py:188} INFO - 🎯 Scraping task completed
[2026-02-10T18:55:31.566+0000] {python.py:201} INFO - Done. Returned value was: None
[2026-02-10T18:55:32.101+0000] {taskinstance.py:1138} INFO - Marking task as SUCCESS. dag_id=zauba_scraping_cleaning_pipeline, task_id=scrape_and_store_raw, execution_date=20260210T180722, start_date=20260210T180728, end_date=20260210T185532
[2026-02-10T18:55:32.479+0000] {local_task_job_runner.py:234} INFO - Task exited with return code 0
[2026-02-10T18:55:32.828+0000] {taskinstance.py:3280} INFO - 0 downstream tasks scheduled from follow-on schedule check
