[2026-02-10T18:55:39.145+0000] {taskinstance.py:1956} INFO - Dependencies all met for dep_context=non-requeueable deps ti=<TaskInstance: zauba_scraping_cleaning_pipeline.clean_and_store_cleaned manual__2026-02-10T18:07:22.452954+00:00 [queued]>
[2026-02-10T18:55:39.206+0000] {taskinstance.py:1956} INFO - Dependencies all met for dep_context=requeueable deps ti=<TaskInstance: zauba_scraping_cleaning_pipeline.clean_and_store_cleaned manual__2026-02-10T18:07:22.452954+00:00 [queued]>
[2026-02-10T18:55:39.207+0000] {taskinstance.py:2170} INFO - Starting attempt 1 of 2
[2026-02-10T18:55:39.254+0000] {taskinstance.py:2191} INFO - Executing <Task(PythonOperator): clean_and_store_cleaned> on 2026-02-10 18:07:22.452954+00:00
[2026-02-10T18:55:39.269+0000] {standard_task_runner.py:60} INFO - Started process 16307 to run task
[2026-02-10T18:55:39.286+0000] {standard_task_runner.py:87} INFO - Running: ['***', 'tasks', 'run', 'zauba_scraping_cleaning_pipeline', 'clean_and_store_cleaned', 'manual__2026-02-10T18:07:22.452954+00:00', '--job-id', '19', '--raw', '--subdir', 'DAGS_FOLDER/zintlr_scraper.py', '--cfg-path', '/tmp/tmp1cwnoyl1']
[2026-02-10T18:55:39.288+0000] {standard_task_runner.py:88} INFO - Job 19: Subtask clean_and_store_cleaned
[2026-02-10T18:55:39.531+0000] {task_command.py:423} INFO - Running <TaskInstance: zauba_scraping_cleaning_pipeline.clean_and_store_cleaned manual__2026-02-10T18:07:22.452954+00:00 [running]> on host 9f581674607e
[2026-02-10T18:55:39.897+0000] {taskinstance.py:2480} INFO - Exporting env vars: AIRFLOW_CTX_DAG_OWNER='***' AIRFLOW_CTX_DAG_ID='zauba_scraping_cleaning_pipeline' AIRFLOW_CTX_TASK_ID='clean_and_store_cleaned' AIRFLOW_CTX_EXECUTION_DATE='2026-02-10T18:07:22.452954+00:00' AIRFLOW_CTX_TRY_NUMBER='1' AIRFLOW_CTX_DAG_RUN_ID='manual__2026-02-10T18:07:22.452954+00:00'
[2026-02-10T18:55:40.595+0000] {logging_mixin.py:188} INFO - 🔹 Raw documents found: 96
[2026-02-10T18:55:47.368+0000] {logging_mixin.py:188} INFO - 
================ CLEANING SUMMARY ================
[2026-02-10T18:55:47.372+0000] {logging_mixin.py:188} INFO - 🧾 Raw documents        : 96
[2026-02-10T18:55:47.376+0000] {logging_mixin.py:188} INFO - 🧹 Cleaned (upserts)    : 96
[2026-02-10T18:55:47.380+0000] {logging_mixin.py:188} INFO - ⚠️ Skipped invalid docs : 0
[2026-02-10T18:55:47.381+0000] {logging_mixin.py:188} INFO - 🆕 Inserted             : 96
[2026-02-10T18:55:47.383+0000] {logging_mixin.py:188} INFO - ♻️ Updated              : 0
[2026-02-10T18:55:47.384+0000] {logging_mixin.py:188} INFO - ✅ Cleaning pipeline completed successfully
[2026-02-10T18:55:47.385+0000] {python.py:201} INFO - Done. Returned value was: None
[2026-02-10T18:55:47.413+0000] {taskinstance.py:1138} INFO - Marking task as SUCCESS. dag_id=zauba_scraping_cleaning_pipeline, task_id=clean_and_store_cleaned, execution_date=20260210T180722, start_date=20260210T185539, end_date=20260210T185547
[2026-02-10T18:55:47.522+0000] {local_task_job_runner.py:234} INFO - Task exited with return code 0
[2026-02-10T18:55:47.578+0000] {taskinstance.py:3280} INFO - 0 downstream tasks scheduled from follow-on schedule check
