[2026-02-10T17:14:30.861+0000] {taskinstance.py:1956} INFO - Dependencies all met for dep_context=non-requeueable deps ti=<TaskInstance: zauba_scraping_cleaning_pipeline.scrape_and_store_raw manual__2026-02-10T17:14:22.724574+00:00 [queued]>
[2026-02-10T17:14:30.900+0000] {taskinstance.py:1956} INFO - Dependencies all met for dep_context=requeueable deps ti=<TaskInstance: zauba_scraping_cleaning_pipeline.scrape_and_store_raw manual__2026-02-10T17:14:22.724574+00:00 [queued]>
[2026-02-10T17:14:30.901+0000] {taskinstance.py:2170} INFO - Starting attempt 1 of 2
[2026-02-10T17:14:30.934+0000] {taskinstance.py:2191} INFO - Executing <Task(PythonOperator): scrape_and_store_raw> on 2026-02-10 17:14:22.724574+00:00
[2026-02-10T17:14:30.946+0000] {standard_task_runner.py:60} INFO - Started process 211 to run task
[2026-02-10T17:14:30.958+0000] {standard_task_runner.py:87} INFO - Running: ['***', 'tasks', 'run', 'zauba_scraping_cleaning_pipeline', 'scrape_and_store_raw', 'manual__2026-02-10T17:14:22.724574+00:00', '--job-id', '3', '--raw', '--subdir', 'DAGS_FOLDER/zintlr_scraper.py', '--cfg-path', '/tmp/tmp4qd_3fse']
[2026-02-10T17:14:30.961+0000] {standard_task_runner.py:88} INFO - Job 3: Subtask scrape_and_store_raw
[2026-02-10T17:14:31.234+0000] {task_command.py:423} INFO - Running <TaskInstance: zauba_scraping_cleaning_pipeline.scrape_and_store_raw manual__2026-02-10T17:14:22.724574+00:00 [running]> on host 70fa07491976
[2026-02-10T17:14:32.113+0000] {taskinstance.py:2480} INFO - Exporting env vars: AIRFLOW_CTX_DAG_OWNER='***' AIRFLOW_CTX_DAG_ID='zauba_scraping_cleaning_pipeline' AIRFLOW_CTX_TASK_ID='scrape_and_store_raw' AIRFLOW_CTX_EXECUTION_DATE='2026-02-10T17:14:22.724574+00:00' AIRFLOW_CTX_TRY_NUMBER='1' AIRFLOW_CTX_DAG_RUN_ID='manual__2026-02-10T17:14:22.724574+00:00'
[2026-02-10T17:14:32.220+0000] {taskinstance.py:2698} ERROR - Task failed with exception
Traceback (most recent call last):
  File "/home/airflow/.local/lib/python3.10/site-packages/airflow/models/taskinstance.py", line 433, in _execute_task
    result = execute_callable(context=context, **execute_callable_kwargs)
  File "/home/airflow/.local/lib/python3.10/site-packages/airflow/operators/python.py", line 199, in execute
    return_value = self.execute_callable()
  File "/home/airflow/.local/lib/python3.10/site-packages/airflow/operators/python.py", line 216, in execute_callable
    return self.python_callable(*self.op_args, **self.op_kwargs)
  File "/opt/airflow/scripts/scraper.py", line 186, in scrape_pipeline
    raise AirflowFailException("Too many failures")
airflow.exceptions.AirflowFailException: Too many failures
[2026-02-10T17:14:32.268+0000] {taskinstance.py:1138} INFO - Immediate failure requested. Marking task as FAILED. dag_id=zauba_scraping_cleaning_pipeline, task_id=scrape_and_store_raw, execution_date=20260210T171422, start_date=20260210T171430, end_date=20260210T171432
[2026-02-10T17:14:32.350+0000] {standard_task_runner.py:107} ERROR - Failed to execute job 3 for task scrape_and_store_raw (Too many failures; 211)
[2026-02-10T17:14:32.396+0000] {local_task_job_runner.py:234} INFO - Task exited with return code 1
[2026-02-10T17:14:32.504+0000] {taskinstance.py:3280} INFO - 0 downstream tasks scheduled from follow-on schedule check
