[2026-02-10T17:52:30.915+0000] {taskinstance.py:1956} INFO - Dependencies all met for dep_context=non-requeueable deps ti=<TaskInstance: zauba_scraping_cleaning_pipeline.scrape_and_store_raw manual__2026-02-10T17:52:24.242008+00:00 [queued]>
[2026-02-10T17:52:30.940+0000] {taskinstance.py:1956} INFO - Dependencies all met for dep_context=requeueable deps ti=<TaskInstance: zauba_scraping_cleaning_pipeline.scrape_and_store_raw manual__2026-02-10T17:52:24.242008+00:00 [queued]>
[2026-02-10T17:52:30.941+0000] {taskinstance.py:2170} INFO - Starting attempt 1 of 2
[2026-02-10T17:52:30.969+0000] {taskinstance.py:2191} INFO - Executing <Task(PythonOperator): scrape_and_store_raw> on 2026-02-10 17:52:24.242008+00:00
[2026-02-10T17:52:30.985+0000] {standard_task_runner.py:60} INFO - Started process 770 to run task
[2026-02-10T17:52:31.004+0000] {standard_task_runner.py:87} INFO - Running: ['***', 'tasks', 'run', 'zauba_scraping_cleaning_pipeline', 'scrape_and_store_raw', 'manual__2026-02-10T17:52:24.242008+00:00', '--job-id', '16', '--raw', '--subdir', 'DAGS_FOLDER/zintlr_scraper.py', '--cfg-path', '/tmp/tmp1wekarti']
[2026-02-10T17:52:31.007+0000] {standard_task_runner.py:88} INFO - Job 16: Subtask scrape_and_store_raw
[2026-02-10T17:52:31.176+0000] {task_command.py:423} INFO - Running <TaskInstance: zauba_scraping_cleaning_pipeline.scrape_and_store_raw manual__2026-02-10T17:52:24.242008+00:00 [running]> on host 70fa07491976
[2026-02-10T17:52:31.367+0000] {taskinstance.py:2480} INFO - Exporting env vars: AIRFLOW_CTX_DAG_OWNER='***' AIRFLOW_CTX_DAG_ID='zauba_scraping_cleaning_pipeline' AIRFLOW_CTX_TASK_ID='scrape_and_store_raw' AIRFLOW_CTX_EXECUTION_DATE='2026-02-10T17:52:24.242008+00:00' AIRFLOW_CTX_TRY_NUMBER='1' AIRFLOW_CTX_DAG_RUN_ID='manual__2026-02-10T17:52:24.242008+00:00'
[2026-02-10T17:52:31.382+0000] {logging_mixin.py:188} INFO - 🔹 Total links: 100
[2026-02-10T17:52:31.382+0000] {logging_mixin.py:188} INFO - 
[1/100] https://www.zaubacorp.com/ZINTLR-PRIVATE-LIMITED-U72900KA2022PTC165582
[2026-02-10T17:52:31.384+0000] {logging_mixin.py:188} INFO - ❌ Failed: https://www.zaubacorp.com/ZINTLR-PRIVATE-LIMITED-U72900KA2022PTC165582
[2026-02-10T17:52:31.385+0000] {logging_mixin.py:188} INFO - ❌ Reason: WebDriver.__init__() got an unexpected keyword argument 'service'
[2026-02-10T17:52:31.386+0000] {logging_mixin.py:188} INFO - 
[2/100] https://www.zaubacorp.com/GOOGLE-ENTERPRISES-PRIVATE-LIMITED-U74900UP2011PTC045365
[2026-02-10T17:52:31.387+0000] {logging_mixin.py:188} INFO - ❌ Failed: https://www.zaubacorp.com/GOOGLE-ENTERPRISES-PRIVATE-LIMITED-U74900UP2011PTC045365
[2026-02-10T17:52:31.388+0000] {logging_mixin.py:188} INFO - ❌ Reason: WebDriver.__init__() got an unexpected keyword argument 'service'
[2026-02-10T17:52:31.389+0000] {logging_mixin.py:188} INFO - 
[3/100] https://www.zaubacorp.com/GOOGLE-INDIA-PRIVATE-LIMITED-U72900KA2003PTC033028
[2026-02-10T17:52:31.390+0000] {logging_mixin.py:188} INFO - ❌ Failed: https://www.zaubacorp.com/GOOGLE-INDIA-PRIVATE-LIMITED-U72900KA2003PTC033028
[2026-02-10T17:52:31.391+0000] {logging_mixin.py:188} INFO - ❌ Reason: WebDriver.__init__() got an unexpected keyword argument 'service'
[2026-02-10T17:52:31.393+0000] {logging_mixin.py:188} INFO - 
[4/100] https://www.zaubacorp.com/GOOGLE-PAYMENT-INDIA-PRIVATE-LIMITED-U72200DL2007PTC360455
[2026-02-10T17:52:31.395+0000] {logging_mixin.py:188} INFO - ❌ Failed: https://www.zaubacorp.com/GOOGLE-PAYMENT-INDIA-PRIVATE-LIMITED-U72200DL2007PTC360455
[2026-02-10T17:52:31.397+0000] {logging_mixin.py:188} INFO - ❌ Reason: WebDriver.__init__() got an unexpected keyword argument 'service'
[2026-02-10T17:52:31.398+0000] {logging_mixin.py:188} INFO - 
[5/100] https://www.zaubacorp.com/MICROSOFT-TECHNOLOGICAL-RESEARCH-PVT-LTD-U72200WB1990PTC048500
[2026-02-10T17:52:31.399+0000] {logging_mixin.py:188} INFO - ❌ Failed: https://www.zaubacorp.com/MICROSOFT-TECHNOLOGICAL-RESEARCH-PVT-LTD-U72200WB1990PTC048500
[2026-02-10T17:52:31.400+0000] {logging_mixin.py:188} INFO - ❌ Reason: WebDriver.__init__() got an unexpected keyword argument 'service'
[2026-02-10T17:52:31.400+0000] {logging_mixin.py:188} INFO - 
[6/100] https://www.zaubacorp.com/NAKSHATRIKA-MICROSOFT-LIMITED-U30002MP1993PLC007685
[2026-02-10T17:52:31.402+0000] {logging_mixin.py:188} INFO - ❌ Failed: https://www.zaubacorp.com/NAKSHATRIKA-MICROSOFT-LIMITED-U30002MP1993PLC007685
[2026-02-10T17:52:31.402+0000] {logging_mixin.py:188} INFO - ❌ Reason: WebDriver.__init__() got an unexpected keyword argument 'service'
[2026-02-10T17:52:31.403+0000] {logging_mixin.py:188} INFO - 
[7/100] https://www.zaubacorp.com/TCS-INVESTMENTS-PRIVATE-LIMITED-U67120TZ1994PTC005541
[2026-02-10T17:52:31.404+0000] {logging_mixin.py:188} INFO - ❌ Failed: https://www.zaubacorp.com/TCS-INVESTMENTS-PRIVATE-LIMITED-U67120TZ1994PTC005541
[2026-02-10T17:52:31.404+0000] {logging_mixin.py:188} INFO - ❌ Reason: WebDriver.__init__() got an unexpected keyword argument 'service'
[2026-02-10T17:52:31.405+0000] {logging_mixin.py:188} INFO - 
[8/100] https://www.zaubacorp.com/TCS-BUILDTECH-PRIVATE-LIMITED-U70109DL2006PTC150945
[2026-02-10T17:52:31.406+0000] {logging_mixin.py:188} INFO - ❌ Failed: https://www.zaubacorp.com/TCS-BUILDTECH-PRIVATE-LIMITED-U70109DL2006PTC150945
[2026-02-10T17:52:31.406+0000] {logging_mixin.py:188} INFO - ❌ Reason: WebDriver.__init__() got an unexpected keyword argument 'service'
[2026-02-10T17:52:31.407+0000] {logging_mixin.py:188} INFO - 
[9/100] https://www.zaubacorp.com/TCS-FOUNDATION-U74999MH2015NPL262710
[2026-02-10T17:52:31.408+0000] {logging_mixin.py:188} INFO - ❌ Failed: https://www.zaubacorp.com/TCS-FOUNDATION-U74999MH2015NPL262710
[2026-02-10T17:52:31.409+0000] {logging_mixin.py:188} INFO - ❌ Reason: WebDriver.__init__() got an unexpected keyword argument 'service'
[2026-02-10T17:52:31.410+0000] {logging_mixin.py:188} INFO - 
[10/100] https://www.zaubacorp.com/TCS-E-SERVE-LIMITED-U65990MH1984PLC033929
[2026-02-10T17:52:31.410+0000] {logging_mixin.py:188} INFO - ❌ Failed: https://www.zaubacorp.com/TCS-E-SERVE-LIMITED-U65990MH1984PLC033929
[2026-02-10T17:52:31.411+0000] {logging_mixin.py:188} INFO - ❌ Reason: WebDriver.__init__() got an unexpected keyword argument 'service'
[2026-02-10T17:52:31.416+0000] {logging_mixin.py:188} INFO - 
[11/100] https://www.zaubacorp.com/TCS-MARKENTILE-PRIVATE-LIMITED-U74999WB2010PTC153847
[2026-02-10T17:52:31.418+0000] {logging_mixin.py:188} INFO - ❌ Failed: https://www.zaubacorp.com/TCS-MARKENTILE-PRIVATE-LIMITED-U74999WB2010PTC153847
[2026-02-10T17:52:31.419+0000] {logging_mixin.py:188} INFO - ❌ Reason: WebDriver.__init__() got an unexpected keyword argument 'service'
[2026-02-10T17:52:31.420+0000] {taskinstance.py:2698} ERROR - Task failed with exception
Traceback (most recent call last):
  File "/home/airflow/.local/lib/python3.10/site-packages/airflow/models/taskinstance.py", line 433, in _execute_task
    result = execute_callable(context=context, **execute_callable_kwargs)
  File "/home/airflow/.local/lib/python3.10/site-packages/airflow/operators/python.py", line 199, in execute
    return_value = self.execute_callable()
  File "/home/airflow/.local/lib/python3.10/site-packages/airflow/operators/python.py", line 216, in execute_callable
    return self.python_callable(*self.op_args, **self.op_kwargs)
  File "/opt/airflow/scripts/scraper.py", line 223, in scrape_pipeline
    raise AirflowFailException(
airflow.exceptions.AirflowFailException: Too many failures: 11/100
[2026-02-10T17:52:31.438+0000] {taskinstance.py:1138} INFO - Immediate failure requested. Marking task as FAILED. dag_id=zauba_scraping_cleaning_pipeline, task_id=scrape_and_store_raw, execution_date=20260210T175224, start_date=20260210T175230, end_date=20260210T175231
[2026-02-10T17:52:31.459+0000] {standard_task_runner.py:107} ERROR - Failed to execute job 16 for task scrape_and_store_raw (Too many failures: 11/100; 770)
[2026-02-10T17:52:31.503+0000] {local_task_job_runner.py:234} INFO - Task exited with return code 1
[2026-02-10T17:52:31.577+0000] {taskinstance.py:3280} INFO - 0 downstream tasks scheduled from follow-on schedule check
